[price-shares.online/password.html]
[backblue.gif]
[fade.gif]
[index.html]
[price-shares.online/build/css/intlTelInput.css]
[price-shares.online/sstyle.css]
[cdn.jsdelivr.net/npm/bootstrap-icons@1.3.0/font/bootstrap-icons.css]
[cdnjs.cloudflare.com/ajax/libs/font-awesome/4.7.0/css/font-awesome.min.css]
[price-shares.online/password.css]
[kit.fontawesome.com/ae0531fa65.js]
[unicons.iconscout.com/release/v4.0.0/css/line.css]
[cdnjs.cloudflare.com/ajax/libs/bootstrap/5.1.3/css/bootstrap.min.css]
[price-shares.online/images/download (2).png]
[price-shares.online/images/popper-removebg-preview.png]
[price-shares.online/images/download (3).png]
[price-shares.online/script.js]
[price-shares.online/password.html]
[price-shares.online/build/js/intlTelInput.js]
[price-shares.online/build/img/flags.png]
[price-shares.online/build/css/intlTelInput.css]
[price-shares.online/build/css/demo.css]
[price-shares.online/sstyle.css]
[cdn.jsdelivr.net/npm/bootstrap-icons@1.3.0/font/fonts/bootstrap-icons289b.woff]
[cdn.jsdelivr.net/npm/bootstrap-icons@1.3.0/font/fonts/bootstrap-icons289b.woff2]
[cdn.jsdelivr.net/npm/bootstrap-icons@1.3.0/font/bootstrap-icons.css]
[cdnjs.cloudflare.com/ajax/libs/font-awesome/4.7.0/css/font-awesome.min.css]
[price-shares.online/password.css]
[unicons.iconscout.com/release/v4.0.0/css/line.css]
[cdnjs.cloudflare.com/ajax/libs/bootstrap/5.1.3/css/bootstrap.min.css]
[price-shares.online/build/img/flags@2x.png]
